<?xml version="1.0" encoding="UTF-8"?>
<!-- Generated by org.testng.reporters.JUnitReportReporter -->
<testsuite hostname="Mrunal" failures="0" tests="1" name="com.bridgelabz_qa_framework.Reading_data_From_Excel" time="1.238" errors="0" timestamp="2023-02-23T19:43:04 IST" skipped="0">
  <testcase classname="com.bridgelabz_qa_framework.Reading_data_From_Excel" name="reading_Data" time="1.238"/>
  <system-out/>
</testsuite> <!-- com.bridgelabz_qa_framework.Reading_data_From_Excel -->
