<?xml version="1.0" encoding="UTF-8"?>
<!-- Generated by org.testng.reporters.JUnitReportReporter -->
<testsuite hostname="Mrunal" failures="0" tests="3" name="com.bridgelabz.qa.POM.PageTest.HomePageTest" time="32.228" errors="0" timestamp="2023-02-24T19:22:09 IST" skipped="0">
  <testcase classname="com.bridgelabz.qa.POM.PageTest.HomePageTest" name="homePageTitleTest" time="9.967"/>
  <system-out/>
  <testcase classname="com.bridgelabz.qa.POM.PageTest.HomePageTest" name="verifyUSerNameTest" time="11.487"/>
  <system-out/>
  <testcase classname="com.bridgelabz.qa.POM.PageTest.HomePageTest" name="verifyFriendPage" time="10.774"/>
  <system-out/>
</testsuite> <!-- com.bridgelabz.qa.POM.PageTest.HomePageTest -->
