<?xml version="1.0" encoding="UTF-8"?>
<!-- Generated by org.testng.reporters.JUnitReportReporter -->
<testsuite hostname="Mrunal" failures="0" tests="1" name="com.bridgelabz.qa.allurereportt.loginn_Test" time="10.684" errors="0" timestamp="2023-02-20T15:01:16 IST" skipped="0">
  <testcase classname="com.bridgelabz.qa.allurereportt.loginn_Test" name="webDriverManager_Test" time="10.684"/>
  <system-out/>
</testsuite> <!-- com.bridgelabz.qa.allurereportt.loginn_Test -->
