<?xml version="1.0" encoding="UTF-8"?>
<!-- Generated by org.testng.reporters.JUnitReportReporter -->
<testsuite hostname="Mrunal" failures="0" tests="2" name="com.brideglabz.qa.launchparallelBrowser.LaunchFirefoxAndChromeTogether" time="14.828" errors="0" timestamp="2023-02-23T19:13:42 IST" skipped="0">
  <testcase classname="com.brideglabz.qa.launchparallelBrowser.LaunchFirefoxAndChromeTogether" name="test" time="7.989"/>
  <system-out/>
  <testcase classname="com.brideglabz.qa.launchparallelBrowser.LaunchFirefoxAndChromeTogether" name="test" time="6.839"/>
  <system-out/>
</testsuite> <!-- com.brideglabz.qa.launchparallelBrowser.LaunchFirefoxAndChromeTogether -->
