<?xml version="1.0" encoding="UTF-8"?>
<!-- Generated by org.testng.reporters.JUnitReportReporter -->
<testsuite hostname="Mrunal" failures="0" tests="1" name="com.bridgelabz.qa.testngListener.TestNg_Listener" time="7.195" errors="0" timestamp="2023-02-20T15:55:29 IST" skipped="0">
  <testcase classname="com.bridgelabz.qa.testngListener.TestNg_Listener" name="testng__listener_Test" time="7.195"/>
  <system-out/>
</testsuite> <!-- com.bridgelabz.qa.testngListener.TestNg_Listener -->
