<?xml version="1.0" encoding="UTF-8"?>
<!-- Generated by org.testng.reporters.JUnitReportReporter -->
<testsuite hostname="Mrunal" failures="0" tests="1" name="com.bridgelabz.qa.properties.Read_Property" time="0.138" errors="0" timestamp="2023-02-21T17:33:18 IST" skipped="0">
  <testcase classname="com.bridgelabz.qa.properties.Read_Property" name="read_Property" time="0.138"/>
  <system-out/>
</testsuite> <!-- com.bridgelabz.qa.properties.Read_Property -->
