<?xml version="1.0" encoding="UTF-8"?>
<!-- Generated by org.testng.reporters.JUnitReportReporter -->
<testsuite hostname="Mrunal" failures="0" tests="3" name="com.bridgelabz.qa.datadrivrnframework.FbLoginExcel" time="25.958" errors="0" timestamp="2023-02-23T19:46:33 IST" skipped="0">
  <testcase classname="com.bridgelabz.qa.datadrivrnframework.FbLoginExcel" name="loginToFb" time="9.790"/>
  <system-out/>
  <testcase classname="com.bridgelabz.qa.datadrivrnframework.FbLoginExcel" name="loginToFb" time="7.951"/>
  <system-out/>
  <testcase classname="com.bridgelabz.qa.datadrivrnframework.FbLoginExcel" name="loginToFb" time="8.217"/>
  <system-out/>
</testsuite> <!-- com.bridgelabz.qa.datadrivrnframework.FbLoginExcel -->
