<?xml version="1.0" encoding="UTF-8"?>
<!-- Generated by org.testng.reporters.JUnitReportReporter -->
<testsuite hostname="Mrunal" failures="0" tests="1" name="com.bridgelabz.qa.log4j.GenerateLogs" time="9.386" errors="0" timestamp="2023-02-21T17:31:30 IST" skipped="0">
  <testcase classname="com.bridgelabz.qa.log4j.GenerateLogs" name="generate_Log" time="9.386"/>
  <system-out/>
</testsuite> <!-- com.bridgelabz.qa.log4j.GenerateLogs -->
